  core.cpp
C:\Users\윤영빈\Documents\SNNTSP\core.cpp(83,12): warning C4101: 'j': unreferenced local variable
  neuron_control.cpp
C:\Users\윤영빈\Documents\SNNTSP\neuron_control.cpp(24,53): error C2511: 'void core::potential_update_by_spk(sm_spk &)': overloaded member function not found in 'core'
C:\Users\윤영빈\Documents\SNNTSP\core.hpp(26): message : see declaration of 'core'
C:\Users\윤영빈\Documents\SNNTSP\neuron_control.cpp(27,23): error C2677: binary '[': no global operator found which takes type '<unnamed-enum-side_v>' (or there is no acceptable conversion)
C:\Users\윤영빈\Documents\SNNTSP\neuron_control.cpp(27,64): error C2677: binary '[': no global operator found which takes type '<unnamed-enum-side_v>' (or there is no acceptable conversion)
C:\Users\윤영빈\Documents\SNNTSP\neuron_control.cpp(27,65): error C2660: 'memset': function does not take 2 arguments
C:\Program Files (x86)\Microsoft Visual Studio\2019\Community\VC\Tools\MSVC\14.26.28801\include\vcruntime_string.h(63,15): message : see declaration of 'memset'
C:\Users\윤영빈\Documents\SNNTSP\neuron_control.cpp(28,23): error C2677: binary '[': no global operator found which takes type '<unnamed-enum-side_v>' (or there is no acceptable conversion)
C:\Users\윤영빈\Documents\SNNTSP\neuron_control.cpp(28,64): error C2677: binary '[': no global operator found which takes type '<unnamed-enum-side_v>' (or there is no acceptable conversion)
C:\Users\윤영빈\Documents\SNNTSP\neuron_control.cpp(28,65): error C2660: 'memset': function does not take 2 arguments
C:\Program Files (x86)\Microsoft Visual Studio\2019\Community\VC\Tools\MSVC\14.26.28801\include\vcruntime_string.h(63,15): message : see declaration of 'memset'
C:\Users\윤영빈\Documents\SNNTSP\neuron_control.cpp(40,50): error C2677: binary '[': no global operator found which takes type '<unnamed-enum-side_v>' (or there is no acceptable conversion)
C:\Users\윤영빈\Documents\SNNTSP\neuron_control.cpp(41,28): error C2677: binary '[': no global operator found which takes type '<unnamed-enum-side_v>' (or there is no acceptable conversion)
C:\Users\윤영빈\Documents\SNNTSP\neuron_control.cpp(41,61): error C2597: illegal reference to non-static member 'core::weight_matrix'
C:\Users\윤영빈\Documents\SNNTSP\neuron_control.cpp(41,61): error C3867: 'core::weight_matrix': non-standard syntax; use '&' to create a pointer to member
C:\Users\윤영빈\Documents\SNNTSP\neuron_control.cpp(41,61): error C2109: subscript requires array or pointer type
C:\Users\윤영빈\Documents\SNNTSP\neuron_control.cpp(41,95): error C2597: illegal reference to non-static member 'core::weight_matrix'
C:\Users\윤영빈\Documents\SNNTSP\neuron_control.cpp(41,95): error C3867: 'core::weight_matrix': non-standard syntax; use '&' to create a pointer to member
C:\Users\윤영빈\Documents\SNNTSP\neuron_control.cpp(41,95): error C2109: subscript requires array or pointer type
C:\Users\윤영빈\Documents\SNNTSP\neuron_control.cpp(50,50): error C2677: binary '[': no global operator found which takes type '<unnamed-enum-side_v>' (or there is no acceptable conversion)
C:\Users\윤영빈\Documents\SNNTSP\neuron_control.cpp(51,28): error C2677: binary '[': no global operator found which takes type '<unnamed-enum-side_v>' (or there is no acceptable conversion)
C:\Users\윤영빈\Documents\SNNTSP\neuron_control.cpp(51,52): error C2597: illegal reference to non-static member 'core::weight_matrix'
C:\Users\윤영빈\Documents\SNNTSP\neuron_control.cpp(51,52): error C3867: 'core::weight_matrix': non-standard syntax; use '&' to create a pointer to member
C:\Users\윤영빈\Documents\SNNTSP\neuron_control.cpp(51,52): error C2109: subscript requires array or pointer type
C:\Users\윤영빈\Documents\SNNTSP\neuron_control.cpp(51,86): error C2597: illegal reference to non-static member 'core::weight_matrix'
C:\Users\윤영빈\Documents\SNNTSP\neuron_control.cpp(51,86): error C3867: 'core::weight_matrix': non-standard syntax; use '&' to create a pointer to member
C:\Users\윤영빈\Documents\SNNTSP\neuron_control.cpp(51,86): error C2109: subscript requires array or pointer type
C:\Users\윤영빈\Documents\SNNTSP\neuron_control.cpp(56,77): error C2677: binary '[': no global operator found which takes type '<unnamed-enum-side_v>' (or there is no acceptable conversion)
C:\Users\윤영빈\Documents\SNNTSP\neuron_control.cpp(56,20): error C2672: 'core::potential_update_by_spk_core': no matching overloaded function found
C:\Users\윤영빈\Documents\SNNTSP\neuron_control.cpp(56,78): error C2780: 'void core::potential_update_by_spk_core(sm_spk &,double *)': expects 2 arguments - 1 provided
C:\Users\윤영빈\Documents\SNNTSP\core.hpp(109): message : see declaration of 'core::potential_update_by_spk_core'
C:\Users\윤영빈\Documents\SNNTSP\neuron_control.cpp(57,77): error C2677: binary '[': no global operator found which takes type '<unnamed-enum-side_v>' (or there is no acceptable conversion)
C:\Users\윤영빈\Documents\SNNTSP\neuron_control.cpp(57,20): error C2672: 'core::potential_update_by_spk_core': no matching overloaded function found
C:\Users\윤영빈\Documents\SNNTSP\neuron_control.cpp(57,78): error C2780: 'void core::potential_update_by_spk_core(sm_spk &,double *)': expects 2 arguments - 1 provided
C:\Users\윤영빈\Documents\SNNTSP\core.hpp(109): message : see declaration of 'core::potential_update_by_spk_core'
  synapse_setting.cpp
C:\Users\윤영빈\Documents\SNNTSP\synapse.hpp(1,1): warning C4819: The file contains a character that cannot be represented in the current code page (949). Save the file in Unicode format to prevent data loss
  testcenter.cpp
c1xx : fatal error C1083: Cannot open source file: 'testcenter.cpp': No such file or directory
  tester.cpp
C:\Users\윤영빈\Documents\SNNTSP\tester.cpp(26,22): error C2228: left of '.initialize' must have class/struct/union
  Generating Code...
